Removed Pin From Net: NetName=VCC Pin=C6-1
Removed Pin From Net: NetName=GND Pin=C6-2
Removed Pin From Net: NetName=GND Pin=C7-1
Removed Pin From Net: NetName=GND Pin=C8-1
Removed Pin From Net: NetName=6V Pin=C8-2
Removed Pin From Net: NetName=6V Pin=C12-1
Removed Pin From Net: NetName=GND Pin=C12-2
Removed Pin From Net: NetName=GND Pin=C14-1
Removed Pin From Net: NetName=6V Pin=C14-2
Removed Pin From Net: NetName=6V Pin=L1-2
Removed Pin From Net: NetName=VCC Pin=R1-2
Removed Pin From Net: NetName=6V Pin=R3-2
Removed Pin From Net: NetName=GND Pin=R4-1
Removed Pin From Net: NetName=GND Pin=R5-1
Removed Pin From Net: NetName=VCC Pin=U2-2
Removed Pin From Net: NetName=GND Pin=U2-4
Removed Pin From Net: NetName=GND Pin=U2-4
Removed Member From Class: ClassName=电磁PCB Member=C1
Removed Member From Class: ClassName=电磁PCB Member=C6
Removed Member From Class: ClassName=电磁PCB Member=C7
Removed Member From Class: ClassName=电磁PCB Member=C8
Removed Member From Class: ClassName=电磁PCB Member=C11
Removed Member From Class: ClassName=电磁PCB Member=C12
Removed Member From Class: ClassName=电磁PCB Member=C14
Removed Member From Class: ClassName=电磁PCB Member=L1
Removed Member From Class: ClassName=电磁PCB Member=R1
Removed Member From Class: ClassName=电磁PCB Member=R2
Removed Member From Class: ClassName=电磁PCB Member=R3
Removed Member From Class: ClassName=电磁PCB Member=R4
Removed Member From Class: ClassName=电磁PCB Member=R5
Removed Member From Class: ClassName=电磁PCB Member=U2
