Removed Pin From Net: NetName=5V Pin=R12-1
Change Component Comment : Designator=R27 Old Comment=5K New Comment=100K
Change Component Comment : Designator=R35 Old Comment=5K New Comment=100K
Change Component Comment : Designator=R49 Old Comment=5K New Comment=100K
Change Component Comment : Designator=R57 Old Comment=5K New Comment=100K
Change Component Comment : Designator=R72 Old Comment=5K New Comment=100K
Change Component Comment : Designator=R77 Old Comment=5K New Comment=100K
Change Component Comment : Designator=P11 Old Comment=AD New Comment=‘§¡ÙAD
Change Component Designator: OldDesignator=Motor1 NewDesignator=P10
Change Component Designator: OldDesignator=Motor2 NewDesignator=P9
Change Component Designator: OldDesignator=Speed1 NewDesignator=P3
Change Component Designator: OldDesignator=Speed2 NewDesignator=P1
Change Component Designator: OldDesignator=∆≈‹ºÏ≤‚ NewDesignator=P5
Added Component: Designator=GYRO(HDR1X4)
Add component. Clean all parameters for all variants
Add component (AddParameter): Name = "LatestRevisionDate"; Value = "17-Jul-2002"; VariantName = "[No Variations]"
Add component (AddParameter): Name = "LatestRevisionNote"; Value = "Re-released for DXP Platform."; VariantName = "[No Variations]"
Add component (AddParameter): Name = "Publisher"; Value = "Altium Limited"; VariantName = "[No Variations]"
Added Pin To Net: NetName=5V Pin=GYRO-1
Added Pin To Net: NetName=GND Pin=GYRO-2
Added Pin To Net: NetName=Speed2_A Pin=KEA128-Core-9
Added Pin To Net: NetName=Speed1_A Pin=KEA128-Core-39
Added Pin To Net: NetName=3V3 Pin=R12-1
Added Pin To Net: NetName=PTC_4 Pin=GYRO-3
Added Pin To Net: NetName=PTC_4 Pin=KEA128-Core-43
Added Net: Name=PTC_4
Added Pin To Net: NetName=PTC_5 Pin=GYRO-4
Added Pin To Net: NetName=PTC_5 Pin=KEA128-Core-44
Added Net: Name=PTC_5
Added Pin To Net: NetName=PTF_6 Pin=KEA128-Core-33
Added Pin To Net: NetName=PTF_6 Pin=U4-8
Added Net: Name=PTF_6
Added Pin To Net: NetName=PTF_7 Pin=KEA128-Core-34
Added Pin To Net: NetName=PTF_7 Pin=U4-6
Added Net: Name=PTF_7
Added Member To Class: ClassName=µÁ¥≈PCB Member=Component GYRO Õ”¬›“«
Added Member To Class: ClassName=µÁ¥≈PCB Member=Component KEA128-Core U*
Added Member To Class: ClassName=µÁ¥≈PCB Member=Component P12 ‘§¡ÙIO
