Removed Pin From Net: NetName=GND Pin=C17-1
Removed Pin From Net: NetName=5V Pin=C17-2
Removed Pin From Net: NetName=GND Pin=C18-1
Removed Pin From Net: NetName=5V Pin=C18-2
Removed Pin From Net: NetName=Speed1_B Pin=P6-1
Removed Pin From Net: NetName=Speed1_A Pin=P6-2
Removed Pin From Net: NetName=5V Pin=P6-3
Removed Pin From Net: NetName=GND Pin=P6-4
Removed Pin From Net: NetName=Speed2_B Pin=P7-1
Removed Pin From Net: NetName=Speed2_A Pin=P7-2
Removed Pin From Net: NetName=5V Pin=P7-3
Removed Pin From Net: NetName=GND Pin=P7-4
Removed Member From Class: ClassName=电磁PCB Member=C17
Removed Member From Class: ClassName=电磁PCB Member=C18
Removed Member From Class: ClassName=电磁PCB Member=P6
Removed Member From Class: ClassName=电磁PCB Member=P7
Added Component: Designator=C1(0603C)
Add component. Clean all parameters for all variants
Added Component: Designator=C6(0603C)
Add component. Clean all parameters for all variants
Added Component: Designator=P1(HDR2X3)
Add component. Clean all parameters for all variants
Add component (AddParameter): Name = "LatestRevisionDate"; Value = "17-Jul-2002"; VariantName = "[No Variations]"
Add component (AddParameter): Name = "LatestRevisionNote"; Value = "Re-released for DXP Platform."; VariantName = "[No Variations]"
Add component (AddParameter): Name = "Publisher"; Value = "Altium Limited"; VariantName = "[No Variations]"
Added Component: Designator=P3(HDR2X3)
Add component. Clean all parameters for all variants
Add component (AddParameter): Name = "LatestRevisionDate"; Value = "17-Jul-2002"; VariantName = "[No Variations]"
Add component (AddParameter): Name = "LatestRevisionNote"; Value = "Re-released for DXP Platform."; VariantName = "[No Variations]"
Add component (AddParameter): Name = "Publisher"; Value = "Altium Limited"; VariantName = "[No Variations]"
Added Pin To Net: NetName=5V Pin=C1-1
Added Pin To Net: NetName=GND Pin=C1-2
Added Pin To Net: NetName=5V Pin=C6-1
Added Pin To Net: NetName=GND Pin=C6-2
Added Pin To Net: NetName=GND Pin=P1-1
Added Pin To Net: NetName=5V Pin=P1-2
Added Pin To Net: NetName=Speed2_A Pin=P1-3
Added Pin To Net: NetName=Speed2_B Pin=P1-4
Added Pin To Net: NetName=GND Pin=P3-1
Added Pin To Net: NetName=5V Pin=P3-2
Added Pin To Net: NetName=Speed1_A Pin=P3-3
Added Pin To Net: NetName=Speed1_B Pin=P3-4
Added Member To Class: ClassName=电磁PCB Member=Component C1 100nF
Added Member To Class: ClassName=电磁PCB Member=Component C6 100nF
Added Member To Class: ClassName=电磁PCB Member=Component P1 Header 3X2
Added Member To Class: ClassName=电磁PCB Member=Component P3 Header 3X2
Added Room: Name=U_双电机驱动
Added Room: Name=电磁PCB
